# JRE version: OpenJDK Runtime Environment (11.0.8+10) (build 11.0.8+10-b944.6842174)
# Java VM: OpenJDK 64-Bit Server VM (11.0.8+10-b944.6842174, mixed mode, tiered, compressed oops, g1 gc, windows-amd64)
Heap:
 garbage-first heap   total 274432K, used 140838K [0x00000000a0000000, 0x0000000100000000)
  region size 1024K, 11 young (11264K), 6 survivors (6144K)
 Metaspace       used 132555K, capacity 135979K, committed 136268K, reserved 1167360K
  class space    used 16447K, capacity 17711K, committed 17792K, reserved 1048576K
GC Heap History (20 events):
Event: 947.348 GC heap before
{Heap before GC invocations=91 (full 0):
 garbage-first heap   total 157696K, used 137157K [0x00000000a0000000, 0x0000000100000000)
  region size 1024K, 8 young (8192K), 1 survivors (1024K)
 Metaspace       used 129583K, capacity 132830K, committed 133068K, reserved 1165312K
  class space    used 16167K, capacity 17325K, committed 17408K, reserved 1048576K
}
Event: 947.351 GC heap after
{Heap after GC invocations=92 (full 0):
 garbage-first heap   total 157696K, used 130615K [0x00000000a0000000, 0x0000000100000000)
  region size 1024K, 1 young (1024K), 1 survivors (1024K)
 Metaspace       used 129583K, capacity 132830K, committed 133068K, reserved 1165312K
  class space    used 16167K, capacity 17325K, committed 17408K, reserved 1048576K
}
Event: 947.402 GC heap before
{Heap before GC invocations=92 (full 0):
 garbage-first heap   total 157696K, used 136759K [0x00000000a0000000, 0x0000000100000000)
  region size 1024K, 8 young (8192K), 1 survivors (1024K)
 Metaspace       used 129583K, capacity 132830K, committed 133068K, reserved 1165312K
  class space    used 16167K, capacity 17325K, committed 17408K, reserved 1048576K
}
Event: 947.404 GC heap after
{Heap after GC invocations=93 (full 0):
 garbage-first heap   total 157696K, used 131235K [0x00000000a0000000, 0x0000000100000000)
  region size 1024K, 1 young (1024K), 1 survivors (1024K)
 Metaspace       used 129583K, capacity 132830K, committed 133068K, reserved 1165312K
  class space    used 16167K, capacity 17325K, committed 17408K, reserved 1048576K
}
Event: 947.447 GC heap before
{Heap before GC invocations=93 (full 0):
 garbage-first heap   total 157696K, used 137379K [0x00000000a0000000, 0x0000000100000000)
  region size 1024K, 7 young (7168K), 1 survivors (1024K)
 Metaspace       used 129583K, capacity 132830K, committed 133068K, reserved 1165312K
  class space    used 16167K, capacity 17325K, committed 17408K, reserved 1048576K
}
Event: 947.453 GC heap after
{Heap after GC invocations=94 (full 0):
 garbage-first heap   total 196608K, used 132168K [0x00000000a0000000, 0x0000000100000000)
  region size 1024K, 1 young (1024K), 1 survivors (1024K)
 Metaspace       used 129583K, capacity 132830K, committed 133068K, reserved 1165312K
  class space    used 16167K, capacity 17325K, committed 17408K, reserved 1048576K
}
Event: 947.639 GC heap before
{Heap before GC invocations=94 (full 0):
 garbage-first heap   total 196608K, used 154696K [0x00000000a0000000, 0x0000000100000000)
  region size 1024K, 23 young (23552K), 1 survivors (1024K)
 Metaspace       used 129584K, capacity 132830K, committed 133068K, reserved 1165312K
  class space    used 16167K, capacity 17325K, committed 17408K, reserved 1048576K
}
Event: 947.644 GC heap after
{Heap after GC invocations=95 (full 0):
 garbage-first heap   total 196608K, used 133425K [0x00000000a0000000, 0x0000000100000000)
  region size 1024K, 3 young (3072K), 3 survivors (3072K)
 Metaspace       used 129584K, capacity 132830K, committed 133068K, reserved 1165312K
  class space    used 16167K, capacity 17325K, committed 17408K, reserved 1048576K
}
Event: 947.805 GC heap before
{Heap before GC invocations=95 (full 0):
 garbage-first heap   total 196608K, used 155953K [0x00000000a0000000, 0x0000000100000000)
  region size 1024K, 25 young (25600K), 3 survivors (3072K)
 Metaspace       used 129582K, capacity 132825K, committed 133068K, reserved 1165312K
  class space    used 16165K, capacity 17323K, committed 17408K, reserved 1048576K
}
Event: 947.807 GC heap after
{Heap after GC invocations=96 (full 0):
 garbage-first heap   total 196608K, used 132157K [0x00000000a0000000, 0x0000000100000000)
  region size 1024K, 1 young (1024K), 1 survivors (1024K)
 Metaspace       used 129582K, capacity 132825K, committed 133068K, reserved 1165312K
  class space    used 16165K, capacity 17323K, committed 17408K, reserved 1048576K
}
Event: 947.968 GC heap before
{Heap before GC invocations=96 (full 0):
 garbage-first heap   total 196608K, used 157757K [0x00000000a0000000, 0x0000000100000000)
  region size 1024K, 26 young (26624K), 1 survivors (1024K)
 Metaspace       used 129611K, capacity 132889K, committed 133068K, reserved 1165312K
  class space    used 16165K, capacity 17323K, committed 17408K, reserved 1048576K
}
Event: 947.970 GC heap after
{Heap after GC invocations=97 (full 0):
 garbage-first heap   total 196608K, used 132082K [0x00000000a0000000, 0x0000000100000000)
  region size 1024K, 1 young (1024K), 1 survivors (1024K)
 Metaspace       used 129611K, capacity 132889K, committed 133068K, reserved 1165312K
  class space    used 16165K, capacity 17323K, committed 17408K, reserved 1048576K
}
Event: 948.144 GC heap before
{Heap before GC invocations=98 (full 0):
 garbage-first heap   total 196608K, used 159730K [0x00000000a0000000, 0x0000000100000000)
  region size 1024K, 28 young (28672K), 1 survivors (1024K)
 Metaspace       used 129644K, capacity 132889K, committed 133068K, reserved 1165312K
  class space    used 16165K, capacity 17323K, committed 17408K, reserved 1048576K
}
Event: 948.149 GC heap after
{Heap after GC invocations=99 (full 0):
 garbage-first heap   total 196608K, used 134191K [0x00000000a0000000, 0x0000000100000000)
  region size 1024K, 3 young (3072K), 3 survivors (3072K)
 Metaspace       used 129644K, capacity 132889K, committed 133068K, reserved 1165312K
  class space    used 16165K, capacity 17323K, committed 17408K, reserved 1048576K
}
Event: 948.239 GC heap before
{Heap before GC invocations=99 (full 0):
 garbage-first heap   total 196608K, used 152623K [0x00000000a0000000, 0x0000000100000000)
  region size 1024K, 22 young (22528K), 3 survivors (3072K)
 Metaspace       used 129645K, capacity 132889K, committed 133068K, reserved 1165312K
  class space    used 16165K, capacity 17323K, committed 17408K, reserved 1048576K
}
Event: 948.250 GC heap after
{Heap after GC invocations=100 (full 0):
 garbage-first heap   total 274432K, used 135830K [0x00000000a0000000, 0x0000000100000000)
  region size 1024K, 2 young (2048K), 2 survivors (2048K)
 Metaspace       used 129645K, capacity 132889K, committed 133068K, reserved 1165312K
  class space    used 16165K, capacity 17323K, committed 17408K, reserved 1048576K
}
Event: 948.828 GC heap before
{Heap before GC invocations=100 (full 0):
 garbage-first heap   total 274432K, used 201366K [0x00000000a0000000, 0x0000000100000000)
  region size 1024K, 66 young (67584K), 2 survivors (2048K)
 Metaspace       used 129652K, capacity 132889K, committed 133068K, reserved 1165312K
  class space    used 16165K, capacity 17323K, committed 17408K, reserved 1048576K
}
Event: 948.835 GC heap after
{Heap after GC invocations=101 (full 0):
 garbage-first heap   total 274432K, used 137899K [0x00000000a0000000, 0x0000000100000000)
  region size 1024K, 4 young (4096K), 4 survivors (4096K)
 Metaspace       used 129652K, capacity 132889K, committed 133068K, reserved 1165312K
  class space    used 16165K, capacity 17323K, committed 17408K, reserved 1048576K
}
Event: 950.566 GC heap before
{Heap before GC invocations=102 (full 0):
 garbage-first heap   total 274432K, used 197291K [0x00000000a0000000, 0x0000000100000000)
  region size 1024K, 64 young (65536K), 4 survivors (4096K)
 Metaspace       used 130867K, capacity 134296K, committed 134604K, reserved 1167360K
  class space    used 16342K, capacity 17559K, committed 17664K, reserved 1048576K
}
Event: 950.577 GC heap after
{Heap after GC invocations=103 (full 0):
 garbage-first heap   total 274432K, used 141589K [0x00000000a0000000, 0x0000000100000000)
  region size 1024K, 8 young (8192K), 8 survivors (8192K)
 Metaspace       used 130867K, capacity 134296K, committed 134604K, reserved 1167360K
  class space    used 16342K, capacity 17559K, committed 17664K, reserved 1048576K
}

